<?xml version="1.0" encoding="UTF-8"?>
<!-- Generated by org.testng.reporters.JUnitXMLReporter -->
<testsuite ignored="0" hostname="lokeshjammi-pc" failures="1" tests="1" name="Test Basics 1" time="29.607" errors="0" timestamp="2022-06-14T17:06:27 IST">
  <testcase classname="HomePage.HomePage" name="basePageNavigation" time="15.82">
    <failure type="org.openqa.selenium.ElementNotInteractableException" message="element not interactable
  (Session info: MicrosoftEdge=102.0.1245.39)
Build info: version: &amp;apos;4.2.0&amp;apos;, revision: &amp;apos;86eb611648&amp;apos;
System info: host: &amp;apos;lokeshjammi-pc&amp;apos;, ip: &amp;apos;192.168.1.9&amp;apos;, os.name: &amp;apos;Linux&amp;apos;, os.arch: &amp;apos;amd64&amp;apos;, os.version: &amp;apos;5.15.0-37-generic&amp;apos;, java.version: &amp;apos;11.0.15&amp;apos;
Driver info: org.openqa.selenium.edge.EdgeDriver
Command: [4e698b02843f70c685a07d819e71bff2, clickElement {id=b6dd8a65-db85-4c0c-b092-1f1c7c28f9b1}]
Capabilities {acceptInsecureCerts: false, browserName: msedge, browserVersion: 102.0.1245.39, javascriptEnabled: true, ms:edgeOptions: {debuggerAddress: localhost:41965}, msedge: {msedgedriverVersion: 102.0.1245.33 (41285f1c5672..., userDataDir: /tmp/.com.microsoft.Edge.OJ...}, networkConnectionEnabled: false, pageLoadStrategy: normal, platform: LINUX, platformName: LINUX, proxy: Proxy(), se:cdp: ws://localhost:41965/devtoo..., se:cdpVersion: 102.0.1245.39, setWindowRect: true, strictFileInteractability: false, timeouts: {implicit: 0, pageLoad: 300000, script: 30000}, unhandledPromptBehavior: dismiss and notify, webauthn:extension:credBlob: true, webauthn:extension:largeBlob: true, webauthn:virtualAuthenticators: true}
Element: [[EdgeDriver: msedge on LINUX (4e698b02843f70c685a07d819e71bff2)] -&amp;gt; xpath: //input[@id=&amp;apos;allow_marketing_emails&amp;apos;]]
Session ID: 4e698b02843f70c685a07d819e71bff2">
      <![CDATA[org.openqa.selenium.ElementNotInteractableException: element not interactable
  (Session info: MicrosoftEdge=102.0.1245.39)
Build info: version: '4.2.0', revision: '86eb611648'
System info: host: 'lokeshjammi-pc', ip: '192.168.1.9', os.name: 'Linux', os.arch: 'amd64', os.version: '5.15.0-37-generic', java.version: '11.0.15'
Driver info: org.openqa.selenium.edge.EdgeDriver
Command: [4e698b02843f70c685a07d819e71bff2, clickElement {id=b6dd8a65-db85-4c0c-b092-1f1c7c28f9b1}]
Capabilities {acceptInsecureCerts: false, browserName: msedge, browserVersion: 102.0.1245.39, javascriptEnabled: true, ms:edgeOptions: {debuggerAddress: localhost:41965}, msedge: {msedgedriverVersion: 102.0.1245.33 (41285f1c5672..., userDataDir: /tmp/.com.microsoft.Edge.OJ...}, networkConnectionEnabled: false, pageLoadStrategy: normal, platform: LINUX, platformName: LINUX, proxy: Proxy(), se:cdp: ws://localhost:41965/devtoo..., se:cdpVersion: 102.0.1245.39, setWindowRect: true, strictFileInteractability: false, timeouts: {implicit: 0, pageLoad: 300000, script: 30000}, unhandledPromptBehavior: dismiss and notify, webauthn:extension:credBlob: true, webauthn:extension:largeBlob: true, webauthn:virtualAuthenticators: true}
Element: [[EdgeDriver: msedge on LINUX (4e698b02843f70c685a07d819e71bff2)] -> xpath: //input[@id='allow_marketing_emails']]
Session ID: 4e698b02843f70c685a07d819e71bff2
at org.openqa.selenium.remote.codec.w3c.W3CHttpResponseCodec.createException(W3CHttpResponseCodec.java:200)
at org.openqa.selenium.remote.codec.w3c.W3CHttpResponseCodec.decode(W3CHttpResponseCodec.java:133)
at org.openqa.selenium.remote.codec.w3c.W3CHttpResponseCodec.decode(W3CHttpResponseCodec.java:53)
at org.openqa.selenium.remote.HttpCommandExecutor.execute(HttpCommandExecutor.java:184)
at org.openqa.selenium.remote.service.DriverCommandExecutor.invokeExecute(DriverCommandExecutor.java:167)
at org.openqa.selenium.remote.service.DriverCommandExecutor.execute(DriverCommandExecutor.java:142)
at org.openqa.selenium.remote.RemoteWebDriver.execute(RemoteWebDriver.java:566)
at org.openqa.selenium.remote.RemoteWebElement.execute(RemoteWebElement.java:257)
at org.openqa.selenium.remote.RemoteWebElement.click(RemoteWebElement.java:78)
at HomePage.RegisterPage.registerFunctionality(RegisterPage.java:23)
at HomePage.HomePage.basePageNavigation(HomePage.java:24)
at java.base/java.util.ArrayList.forEach(ArrayList.java:1541)
... Removed 35 stack frames]]>
    </failure>
  </testcase> <!-- basePageNavigation -->
</testsuite> <!-- Test Basics 1 -->
