<?xml version="1.0" encoding="UTF-8"?>
<!-- Generated by org.testng.reporters.JUnitXMLReporter -->
<testsuite ignored="0" hostname="lokeshjammi-pc" failures="0" tests="1" name="Test Basics 1" time="0.07" errors="0" timestamp="2022-06-13T11:11:10 IST">
  <testcase classname="HomePage.HomePage" name="@BeforeTest initialization" time="0.018">
    <failure type="java.lang.NullPointerException">
      <![CDATA[java.lang.NullPointerException
at Academy.resource.base.initializeDrivers(base.java:23)
at HomePage.HomePage.initialization(HomePage.java:15)
... Removed 28 stack frames]]>
    </failure>
  </testcase> <!-- @BeforeTest initialization -->
  <testcase classname="HomePage.HomePage" name="@AfterTest tearDown" time="0.0">
    <skipped/>
  </testcase> <!-- @AfterTest tearDown -->
  <testcase classname="HomePage.HomePage" name="basePageNavigation" time="0.0">
    <skipped/>
  </testcase> <!-- basePageNavigation -->
</testsuite> <!-- Test Basics 1 -->
