<?xml version="1.0" encoding="UTF-8"?>
<testsuite xmlns:xsi="http://www.w3.org/2001/XMLSchema-instance" xsi:noNamespaceSchemaLocation="https://maven.apache.org/surefire/maven-surefire-plugin/xsd/surefire-test-report-3.0.xsd" version="3.0" name="TestSuite" time="30.039" tests="1" errors="0" skipped="0" failures="1">
  <properties>
[...]
</properties>
  <testcase name="basePageNavigation" classname="HomePage.HomePage" time="15.832">
    <failure message="element not interactable&#10;  (Session info: MicrosoftEdge=102.0.1245.39)&#10;Build info: version: &apos;4.2.0&apos;, revision: &apos;86eb611648&apos;&#10;System info: host: &apos;lokeshjammi-pc&apos;, ip: &apos;192.168.1.9&apos;, os.name: &apos;Linux&apos;, os.arch: &apos;amd64&apos;, os.version: &apos;5.15.0-37-generic&apos;, java.version: &apos;11.0.15&apos;&#10;Driver info: org.openqa.selenium.edge.EdgeDriver&#10;Command: [4e698b02843f70c685a07d819e71bff2, clickElement {id=b6dd8a65-db85-4c0c-b092-1f1c7c28f9b1}]&#10;Capabilities {acceptInsecureCerts: false, browserName: msedge, browserVersion: 102.0.1245.39, javascriptEnabled: true, ms:edgeOptions: {debuggerAddress: localhost:41965}, msedge: {msedgedriverVersion: 102.0.1245.33 (41285f1c5672..., userDataDir: /tmp/.com.microsoft.Edge.OJ...}, networkConnectionEnabled: false, pageLoadStrategy: normal, platform: LINUX, platformName: LINUX, proxy: Proxy(), se:cdp: ws://localhost:41965/devtoo..., se:cdpVersion: 102.0.1245.39, setWindowRect: true, strictFileInteractability: false, timeouts: {implicit: 0, pageLoad: 300000, script: 30000}, unhandledPromptBehavior: dismiss and notify, webauthn:extension:credBlob: true, webauthn:extension:largeBlob: true, webauthn:virtualAuthenticators: true}&#10;Element: [[EdgeDriver: msedge on LINUX (4e698b02843f70c685a07d819e71bff2)] -&gt; xpath: //input[@id=&apos;allow_marketing_emails&apos;]]&#10;Session ID: 4e698b02843f70c685a07d819e71bff2" type="org.openqa.selenium.ElementNotInteractableException"><![CDATA[org.openqa.selenium.ElementNotInteractableException: 
element not interactable
  (Session info: MicrosoftEdge=102.0.1245.39)
Build info: version: '4.2.0', revision: '86eb611648'
System info: host: 'lokeshjammi-pc', ip: '192.168.1.9', os.name: 'Linux', os.arch: 'amd64', os.version: '5.15.0-37-generic', java.version: '11.0.15'
Driver info: org.openqa.selenium.edge.EdgeDriver
Command: [4e698b02843f70c685a07d819e71bff2, clickElement {id=b6dd8a65-db85-4c0c-b092-1f1c7c28f9b1}]
Capabilities {acceptInsecureCerts: false, browserName: msedge, browserVersion: 102.0.1245.39, javascriptEnabled: true, ms:edgeOptions: {debuggerAddress: localhost:41965}, msedge: {msedgedriverVersion: 102.0.1245.33 (41285f1c5672..., userDataDir: /tmp/.com.microsoft.Edge.OJ...}, networkConnectionEnabled: false, pageLoadStrategy: normal, platform: LINUX, platformName: LINUX, proxy: Proxy(), se:cdp: ws://localhost:41965/devtoo..., se:cdpVersion: 102.0.1245.39, setWindowRect: true, strictFileInteractability: false, timeouts: {implicit: 0, pageLoad: 300000, script: 30000}, unhandledPromptBehavior: dismiss and notify, webauthn:extension:credBlob: true, webauthn:extension:largeBlob: true, webauthn:virtualAuthenticators: true}
Element: [[EdgeDriver: msedge on LINUX (4e698b02843f70c685a07d819e71bff2)] -> xpath: //input[@id='allow_marketing_emails']]
Session ID: 4e698b02843f70c685a07d819e71bff2
	at java.base/jdk.internal.reflect.NativeConstructorAccessorImpl.newInstance0(Native Method)
	at java.base/jdk.internal.reflect.NativeConstructorAccessorImpl.newInstance(NativeConstructorAccessorImpl.java:62)
	at java.base/jdk.internal.reflect.DelegatingConstructorAccessorImpl.newInstance(DelegatingConstructorAccessorImpl.java:45)
	at java.base/java.lang.reflect.Constructor.newInstance(Constructor.java:490)
	at org.openqa.selenium.remote.codec.w3c.W3CHttpResponseCodec.createException(W3CHttpResponseCodec.java:200)
	at org.openqa.selenium.remote.codec.w3c.W3CHttpResponseCodec.decode(W3CHttpResponseCodec.java:133)
	at org.openqa.selenium.remote.codec.w3c.W3CHttpResponseCodec.decode(W3CHttpResponseCodec.java:53)
	at org.openqa.selenium.remote.HttpCommandExecutor.execute(HttpCommandExecutor.java:184)
	at org.openqa.selenium.remote.service.DriverCommandExecutor.invokeExecute(DriverCommandExecutor.java:167)
	at org.openqa.selenium.remote.service.DriverCommandExecutor.execute(DriverCommandExecutor.java:142)
	at org.openqa.selenium.remote.RemoteWebDriver.execute(RemoteWebDriver.java:566)
	at org.openqa.selenium.remote.RemoteWebElement.execute(RemoteWebElement.java:257)
	at org.openqa.selenium.remote.RemoteWebElement.click(RemoteWebElement.java:78)
	at HomePage.RegisterPage.registerFunctionality(RegisterPage.java:23)
	at HomePage.HomePage.basePageNavigation(HomePage.java:24)
	at java.base/jdk.internal.reflect.NativeMethodAccessorImpl.invoke0(Native Method)
	at java.base/jdk.internal.reflect.NativeMethodAccessorImpl.invoke(NativeMethodAccessorImpl.java:62)
	at java.base/jdk.internal.reflect.DelegatingMethodAccessorImpl.invoke(DelegatingMethodAccessorImpl.java:43)
	at java.base/java.lang.reflect.Method.invoke(Method.java:566)
	at org.testng.internal.invokers.MethodInvocationHelper.invokeMethod(MethodInvocationHelper.java:139)
	at org.testng.internal.invokers.TestInvoker.invokeMethod(TestInvoker.java:677)
	at org.testng.internal.invokers.TestInvoker.invokeTestMethod(TestInvoker.java:221)
	at org.testng.internal.invokers.MethodRunner.runInSequence(MethodRunner.java:50)
	at org.testng.internal.invokers.TestInvoker$MethodInvocationAgent.invoke(TestInvoker.java:962)
	at org.testng.internal.invokers.TestInvoker.invokeTestMethods(TestInvoker.java:194)
	at org.testng.internal.invokers.TestMethodWorker.invokeTestMethods(TestMethodWorker.java:148)
	at org.testng.internal.invokers.TestMethodWorker.run(TestMethodWorker.java:128)
	at java.base/java.util.ArrayList.forEach(ArrayList.java:1541)
	at org.testng.TestRunner.privateRun(TestRunner.java:806)
	at org.testng.TestRunner.run(TestRunner.java:601)
	at org.testng.SuiteRunner.runTest(SuiteRunner.java:433)
	at org.testng.SuiteRunner.runSequentially(SuiteRunner.java:427)
	at org.testng.SuiteRunner.privateRun(SuiteRunner.java:387)
	at org.testng.SuiteRunner.run(SuiteRunner.java:330)
	at org.testng.SuiteRunnerWorker.runSuite(SuiteRunnerWorker.java:52)
	at org.testng.SuiteRunnerWorker.run(SuiteRunnerWorker.java:95)
	at org.testng.TestNG.runSuitesSequentially(TestNG.java:1256)
	at org.testng.TestNG.runSuitesLocally(TestNG.java:1176)
	at org.testng.TestNG.runSuites(TestNG.java:1099)
	at org.testng.TestNG.run(TestNG.java:1067)
	at org.apache.maven.surefire.testng.TestNGExecutor.run(TestNGExecutor.java:324)
	at org.apache.maven.surefire.testng.TestNGXmlTestSuite.execute(TestNGXmlTestSuite.java:74)
	at org.apache.maven.surefire.testng.TestNGProvider.invoke(TestNGProvider.java:123)
	at org.apache.maven.surefire.booter.ForkedBooter.runSuitesInProcess(ForkedBooter.java:456)
	at org.apache.maven.surefire.booter.ForkedBooter.execute(ForkedBooter.java:169)
	at org.apache.maven.surefire.booter.ForkedBooter.run(ForkedBooter.java:595)
	at org.apache.maven.surefire.booter.ForkedBooter.main(ForkedBooter.java:581)
]]></failure>
    <system-out><![CDATA[java.io.FileNotFoundException: D:\IntelliJ_Workspace\E2EProject\src\main\java\Academy\resource\data.properties (No such file or directory)
/media/lokeshjammi-pc/New Volume1/IntelliJ_Workspace/E2E
]]></system-out>
    <system-err><![CDATA[SLF4J: Failed to load class "org.slf4j.impl.StaticLoggerBinder".
SLF4J: Defaulting to no-operation (NOP) logger implementation
SLF4J: See http://www.slf4j.org/codes.html#StaticLoggerBinder for further details.
Starting Microsoft Edge WebDriver 102.0.1245.33 (41285f1c5672f618820f679d5efba8bafa4828de) on port 59081
To submit feedback, report a bug, or suggest new features, please visit https://github.com/MicrosoftEdge/EdgeWebDriver

Only local connections are allowed.
Please see https://aka.ms/WebDriverSecurity for suggestions on keeping Microsoft Edge WebDriver safe.

Microsoft Edge WebDriver was started successfully.
Jun 14, 2022 5:05:59 PM org.openqa.selenium.remote.ProtocolHandshake createSession
INFO: Detected upstream dialect: W3C
Jun 14, 2022 5:05:59 PM org.openqa.selenium.W3CCapabilityKeysValidator validateCapability
WARNING: Support for Legacy Capabilities is deprecated; You are sending "msedge" which is an invalid capability. Please update to W3C Syntax: https://www.selenium.dev/blog/2022/legacy-protocol-support/
Jun 14, 2022 5:05:59 PM org.openqa.selenium.W3CCapabilityKeysValidator validateCapability
WARNING: Support for Legacy Capabilities is deprecated; You are sending "msedge" which is an invalid capability. Please update to W3C Syntax: https://www.selenium.dev/blog/2022/legacy-protocol-support/
Jun 14, 2022 5:05:59 PM org.openqa.selenium.W3CCapabilityKeysValidator validateCapability
WARNING: Support for Legacy Capabilities is deprecated; You are sending "networkConnectionEnabled" which is an invalid capability. Please update to W3C Syntax: https://www.selenium.dev/blog/2022/legacy-protocol-support/
Jun 14, 2022 5:05:59 PM org.openqa.selenium.W3CCapabilityKeysValidator validateCapability
WARNING: Support for Legacy Capabilities is deprecated; You are sending "networkConnectionEnabled" which is an invalid capability. Please update to W3C Syntax: https://www.selenium.dev/blog/2022/legacy-protocol-support/
Jun 14, 2022 5:05:59 PM org.openqa.selenium.W3CCapabilityKeysValidator validateCapability
WARNING: Support for Legacy Capabilities is deprecated; You are sending "platform" which is an invalid capability. Please update to W3C Syntax: https://www.selenium.dev/blog/2022/legacy-protocol-support/
Jun 14, 2022 5:05:59 PM org.openqa.selenium.W3CCapabilityKeysValidator validateCapability
WARNING: Support for Legacy Capabilities is deprecated; You are sending "platform" which is an invalid capability. Please update to W3C Syntax: https://www.selenium.dev/blog/2022/legacy-protocol-support/
Jun 14, 2022 5:05:59 PM org.openqa.selenium.W3CCapabilityKeysValidator validateCapability
WARNING: Support for Legacy Capabilities is deprecated; You are sending "javascriptEnabled" which is an invalid capability. Please update to W3C Syntax: https://www.selenium.dev/blog/2022/legacy-protocol-support/
Jun 14, 2022 5:05:59 PM org.openqa.selenium.W3CCapabilityKeysValidator validateCapability
WARNING: Support for Legacy Capabilities is deprecated; You are sending "javascriptEnabled" which is an invalid capability. Please update to W3C Syntax: https://www.selenium.dev/blog/2022/legacy-protocol-support/
Jun 14, 2022 5:05:59 PM org.openqa.selenium.devtools.CdpVersionFinder findNearestMatch
INFO: Found exact CDP implementation for version 102
Jun 14, 2022 5:05:59 PM org.openqa.selenium.W3CCapabilityKeysValidator validateCapability
WARNING: Support for Legacy Capabilities is deprecated; You are sending "javascriptEnabled" which is an invalid capability. Please update to W3C Syntax: https://www.selenium.dev/blog/2022/legacy-protocol-support/
Jun 14, 2022 5:05:59 PM org.openqa.selenium.W3CCapabilityKeysValidator validateCapability
WARNING: Support for Legacy Capabilities is deprecated; You are sending "msedge" which is an invalid capability. Please update to W3C Syntax: https://www.selenium.dev/blog/2022/legacy-protocol-support/
Jun 14, 2022 5:05:59 PM org.openqa.selenium.W3CCapabilityKeysValidator validateCapability
WARNING: Support for Legacy Capabilities is deprecated; You are sending "networkConnectionEnabled" which is an invalid capability. Please update to W3C Syntax: https://www.selenium.dev/blog/2022/legacy-protocol-support/
Jun 14, 2022 5:05:59 PM org.openqa.selenium.W3CCapabilityKeysValidator validateCapability
WARNING: Support for Legacy Capabilities is deprecated; You are sending "platform" which is an invalid capability. Please update to W3C Syntax: https://www.selenium.dev/blog/2022/legacy-protocol-support/
Jun 14, 2022 5:05:59 PM org.openqa.selenium.W3CCapabilityKeysValidator validateCapability
WARNING: Support for Legacy Capabilities is deprecated; You are sending "networkConnectionEnabled" which is an invalid capability. Please update to W3C Syntax: https://www.selenium.dev/blog/2022/legacy-protocol-support/
Jun 14, 2022 5:05:59 PM org.openqa.selenium.W3CCapabilityKeysValidator validateCapability
WARNING: Support for Legacy Capabilities is deprecated; You are sending "msedge" which is an invalid capability. Please update to W3C Syntax: https://www.selenium.dev/blog/2022/legacy-protocol-support/
Jun 14, 2022 5:05:59 PM org.openqa.selenium.W3CCapabilityKeysValidator validateCapability
WARNING: Support for Legacy Capabilities is deprecated; You are sending "platform" which is an invalid capability. Please update to W3C Syntax: https://www.selenium.dev/blog/2022/legacy-protocol-support/
Jun 14, 2022 5:05:59 PM org.openqa.selenium.W3CCapabilityKeysValidator validateCapability
WARNING: Support for Legacy Capabilities is deprecated; You are sending "javascriptEnabled" which is an invalid capability. Please update to W3C Syntax: https://www.selenium.dev/blog/2022/legacy-protocol-support/
Jun 14, 2022 5:05:59 PM org.openqa.selenium.W3CCapabilityKeysValidator validateCapability
WARNING: Support for Legacy Capabilities is deprecated; You are sending "networkConnectionEnabled" which is an invalid capability. Please update to W3C Syntax: https://www.selenium.dev/blog/2022/legacy-protocol-support/
Jun 14, 2022 5:05:59 PM org.openqa.selenium.W3CCapabilityKeysValidator validateCapability
WARNING: Support for Legacy Capabilities is deprecated; You are sending "msedge" which is an invalid capability. Please update to W3C Syntax: https://www.selenium.dev/blog/2022/legacy-protocol-support/
Jun 14, 2022 5:05:59 PM org.openqa.selenium.W3CCapabilityKeysValidator validateCapability
WARNING: Support for Legacy Capabilities is deprecated; You are sending "platform" which is an invalid capability. Please update to W3C Syntax: https://www.selenium.dev/blog/2022/legacy-protocol-support/
Jun 14, 2022 5:05:59 PM org.openqa.selenium.W3CCapabilityKeysValidator validateCapability
WARNING: Support for Legacy Capabilities is deprecated; You are sending "javascriptEnabled" which is an invalid capability. Please update to W3C Syntax: https://www.selenium.dev/blog/2022/legacy-protocol-support/
Jun 14, 2022 5:05:59 PM org.openqa.selenium.W3CCapabilityKeysValidator validateCapability
WARNING: Support for Legacy Capabilities is deprecated; You are sending "networkConnectionEnabled" which is an invalid capability. Please update to W3C Syntax: https://www.selenium.dev/blog/2022/legacy-protocol-support/
Jun 14, 2022 5:05:59 PM org.openqa.selenium.W3CCapabilityKeysValidator validateCapability
WARNING: Support for Legacy Capabilities is deprecated; You are sending "msedge" which is an invalid capability. Please update to W3C Syntax: https://www.selenium.dev/blog/2022/legacy-protocol-support/
Jun 14, 2022 5:05:59 PM org.openqa.selenium.W3CCapabilityKeysValidator validateCapability
WARNING: Support for Legacy Capabilities is deprecated; You are sending "platform" which is an invalid capability. Please update to W3C Syntax: https://www.selenium.dev/blog/2022/legacy-protocol-support/
Jun 14, 2022 5:05:59 PM org.openqa.selenium.W3CCapabilityKeysValidator validateCapability
WARNING: Support for Legacy Capabilities is deprecated; You are sending "javascriptEnabled" which is an invalid capability. Please update to W3C Syntax: https://www.selenium.dev/blog/2022/legacy-protocol-support/
Jun 14, 2022 5:05:59 PM org.openqa.selenium.W3CCapabilityKeysValidator validateCapability
WARNING: Support for Legacy Capabilities is deprecated; You are sending "javascriptEnabled" which is an invalid capability. Please update to W3C Syntax: https://www.selenium.dev/blog/2022/legacy-protocol-support/
Jun 14, 2022 5:05:59 PM org.openqa.selenium.W3CCapabilityKeysValidator validateCapability
WARNING: Support for Legacy Capabilities is deprecated; You are sending "msedge" which is an invalid capability. Please update to W3C Syntax: https://www.selenium.dev/blog/2022/legacy-protocol-support/
Jun 14, 2022 5:05:59 PM org.openqa.selenium.W3CCapabilityKeysValidator validateCapability
WARNING: Support for Legacy Capabilities is deprecated; You are sending "networkConnectionEnabled" which is an invalid capability. Please update to W3C Syntax: https://www.selenium.dev/blog/2022/legacy-protocol-support/
Jun 14, 2022 5:05:59 PM org.openqa.selenium.W3CCapabilityKeysValidator validateCapability
WARNING: Support for Legacy Capabilities is deprecated; You are sending "platform" which is an invalid capability. Please update to W3C Syntax: https://www.selenium.dev/blog/2022/legacy-protocol-support/
]]></system-err>
  </testcase>
</testsuite>