<?xml version="1.0" encoding="UTF-8"?>
<testng-results ignored="0" total="1" passed="1" failed="0" skipped="0">
  <reporter-output>
  </reporter-output>
  <suite started-at="2022-06-16T19:36:00 IST" name="Practice Suite" finished-at="2022-06-16T19:36:15 IST" duration-ms="15324">
    <groups>
    </groups>
    <test started-at="2022-06-16T19:36:00 IST" name="Test Basics 1" finished-at="2022-06-16T19:36:15 IST" duration-ms="15324">
      <class name="HomePage.HomePage">
        <test-method is-config="true" signature="initialization()[pri:0, instance:HomePage.HomePage@6973b51b]" started-at="2022-06-16T19:36:00 IST" name="initialization" finished-at="2022-06-16T19:36:05 IST" duration-ms="5849" status="PASS">
          <reporter-output>
          </reporter-output>
        </test-method> <!-- initialization -->
        <test-method signature="basePageNavigation()[pri:0, instance:HomePage.HomePage@6973b51b]" started-at="2022-06-16T19:36:05 IST" name="basePageNavigation" finished-at="2022-06-16T19:36:15 IST" duration-ms="9301" status="PASS">
          <reporter-output>
          </reporter-output>
        </test-method> <!-- basePageNavigation -->
        <test-method is-config="true" signature="tearDown()[pri:0, instance:HomePage.HomePage@6973b51b]" started-at="2022-06-16T19:36:15 IST" name="tearDown" finished-at="2022-06-16T19:36:15 IST" duration-ms="133" status="PASS">
          <reporter-output>
          </reporter-output>
        </test-method> <!-- tearDown -->
      </class> <!-- HomePage.HomePage -->
    </test> <!-- Test Basics 1 -->
  </suite> <!-- Practice Suite -->
</testng-results>
